2025-06-21 20:19:38,249 - __main__ - ERROR - Error crítico: name 'logging' is not defined
2025-06-21 20:19:38,252 - __main__ - ERROR - Traceback: Traceback (most recent call last):
  File "/home/coso/Projects/ASR_Project/main.py", line 288, in main
    if not validate_environment():
           ~~~~~~~~~~~~~~~~~~~~^^
  File "/home/coso/Projects/ASR_Project/main.py", line 157, in validate_environment
    logger = logging.getLogger(__name__)
             ^^^^^^^
NameError: name 'logging' is not defined. Did you forget to import 'logging'?

2025-06-21 20:20:45,001 - __main__ - ERROR - Error crítico: name 'logging' is not defined
2025-06-21 20:20:45,003 - __main__ - ERROR - Traceback: Traceback (most recent call last):
  File "/home/coso/Projects/ASR_Project/main.py", line 288, in main
    if not validate_environment():
           ~~~~~~~~~~~~~~~~~~~~^^
  File "/home/coso/Projects/ASR_Project/main.py", line 157, in validate_environment
    logger = logging.getLogger(__name__)
             ^^^^^^^
NameError: name 'logging' is not defined. Did you forget to import 'logging'?

2025-06-21 20:21:52,153 - __main__ - ERROR - Archivos faltantes: ['network_connection.py']
2025-06-21 20:21:56,262 - __main__ - ERROR - Archivos faltantes: ['network_connection.py']
2025-06-21 20:22:06,810 - __main__ - INFO - Todos los archivos requeridos están presentes
2025-06-21 20:22:06,810 - __main__ - INFO - Iniciando aplicación de gestión de red
2025-06-21 20:22:09,602 - __main__ - INFO - Aplicación finalizada correctamente
2025-06-21 20:22:21,843 - __main__ - INFO - Todos los archivos requeridos están presentes
2025-06-21 20:22:21,844 - __main__ - INFO - Iniciando aplicación de gestión de red
2025-06-21 20:22:24,988 - __main__ - INFO - Aplicación finalizada correctamente
2025-06-21 20:22:27,018 - __main__ - INFO - Todos los archivos requeridos están presentes
2025-06-21 20:22:27,018 - __main__ - INFO - Iniciando aplicación de gestión de red
2025-06-21 20:22:31,059 - __main__ - INFO - Aplicación finalizada correctamente
2025-06-21 20:24:06,103 - __main__ - INFO - Todos los archivos requeridos están presentes
2025-06-21 20:24:06,104 - __main__ - INFO - Iniciando aplicación de gestión de red
2025-06-21 20:24:15,882 - paramiko.transport - INFO - Connected (version 2.0, client Cisco-1.25)
2025-06-21 20:24:16,582 - paramiko.transport - INFO - Authentication (password) successful!
2025-06-21 20:24:16,987 - paramiko.transport - INFO - Connected (version 2.0, client Cisco-1.25)
2025-06-21 20:24:17,652 - paramiko.transport - INFO - Authentication (password) successful!
2025-06-21 20:24:18,057 - paramiko.transport - INFO - Connected (version 2.0, client Cisco-1.25)
2025-06-21 20:24:18,702 - paramiko.transport - INFO - Authentication (password) successful!
2025-06-21 20:24:19,196 - paramiko.transport - INFO - Connected (version 2.0, client Cisco-1.25)
2025-06-21 20:24:19,811 - paramiko.transport - INFO - Authentication (password) successful!
2025-06-21 20:24:20,215 - paramiko.transport - INFO - Connected (version 2.0, client Cisco-1.25)
2025-06-21 20:24:20,688 - paramiko.transport - INFO - Authentication (password) successful!
2025-06-21 20:25:01,226 - paramiko.transport - INFO - Connected (version 2.0, client Cisco-1.25)
2025-06-21 20:25:01,932 - paramiko.transport - INFO - Authentication (password) successful!
2025-06-21 20:25:23,206 - paramiko.transport - INFO - Connected (version 2.0, client Cisco-1.25)
2025-06-21 20:25:23,791 - paramiko.transport - INFO - Authentication (password) successful!
2025-06-21 20:25:31,127 - paramiko.transport - INFO - Connected (version 2.0, client Cisco-1.25)
2025-06-21 20:25:31,550 - paramiko.transport - INFO - Authentication (password) successful!
2025-06-21 20:25:33,927 - paramiko.transport - INFO - Connected (version 2.0, client Cisco-1.25)
2025-06-21 20:25:34,415 - paramiko.transport - INFO - Authentication (password) successful!
2025-06-21 20:26:02,364 - paramiko.transport - INFO - Connected (version 2.0, client Cisco-1.25)
2025-06-21 20:26:02,969 - paramiko.transport - INFO - Authentication (password) successful!
2025-06-21 20:26:36,055 - paramiko.transport - INFO - Connected (version 2.0, client Cisco-1.25)
2025-06-21 20:26:36,531 - paramiko.transport - INFO - Connected (version 2.0, client Cisco-1.25)
2025-06-21 20:26:36,914 - paramiko.transport - INFO - Authentication (password) successful!
2025-06-21 20:26:37,149 - paramiko.transport - INFO - Authentication (password) successful!
2025-06-21 20:26:43,886 - __main__ - INFO - Aplicación finalizada correctamente
2025-06-21 20:27:52,895 - __main__ - INFO - Todos los archivos requeridos están presentes
2025-06-21 20:27:52,895 - __main__ - INFO - Iniciando aplicación de gestión de red
2025-06-21 20:28:11,635 - paramiko.transport - INFO - Connected (version 2.0, client Cisco-1.25)
2025-06-21 20:28:12,381 - paramiko.transport - INFO - Authentication (password) successful!
2025-06-21 20:28:29,896 - paramiko.transport - INFO - Connected (version 2.0, client Cisco-1.25)
2025-06-21 20:28:30,622 - paramiko.transport - INFO - Authentication (password) successful!
2025-06-21 20:32:41,689 - __main__ - INFO - Aplicación finalizada correctamente
